<?xml version="1.0" encoding="UTF-8"?>
<!-- Generated by org.testng.reporters.JUnitReportReporter -->
<testsuite hostname="LAPTOP-SBNJ9655" name="Demo.Demohybrid" tests="1" failures="0" timestamp="11 Aug 2021 06:55:48 GMT" time="23.290" errors="0">
  <testcase name="test4" time="23.290" classname="Demo.Demohybrid"/>
</testsuite> <!-- Demo.Demohybrid -->
