<?xml version="1.0" encoding="UTF-8"?>
<!-- Generated by org.testng.reporters.JUnitReportReporter -->
<testsuite hostname="LAPTOP-SBNJ9655" name="Native.Demo" tests="1" failures="0" timestamp="10 Aug 2021 06:57:39 GMT" time="9.970" errors="0">
  <testcase name="test6" time="9.970" classname="Native.Demo"/>
</testsuite> <!-- Native.Demo -->
